<?xml version="1.0" encoding="UTF-8"?>
<testsuite xmlns:xsi="http://www.w3.org/2001/XMLSchema-instance" xsi:noNamespaceSchemaLocation="https://maven.apache.org/surefire/maven-surefire-plugin/xsd/surefire-test-report-3.0.xsd" version="3.0" name="TestSuite" time="7.657" tests="2" errors="0" skipped="0" failures="0">
  <properties>
[...]
</properties>
  <testcase name="asUserTryToLogInWithIncorrectLoginAndPassword" classname="tests.FailedLoginTests" time="0.671">
    <system-out><![CDATA[[INFO ] 2022-07-14 09:41:07.283 [main] configuration.PropertiesLoader - Trying to load properties with file name: configuration.properties
[INFO ] 2022-07-14 09:41:07.286 [main] configuration.PropertiesLoader - Successfully loaded properties for file: configuration.properties
[DEBUG] 2022-07-14 09:41:07.373 [main] io.netty.util.internal.logging.InternalLoggerFactory - Using Log4J2 as the default logging framework
[DEBUG] 2022-07-14 09:41:07.377 [main] io.netty.util.ResourceLeakDetector - -Dio.netty.leakDetection.level: simple
[DEBUG] 2022-07-14 09:41:07.378 [main] io.netty.util.ResourceLeakDetector - -Dio.netty.leakDetection.targetRecords: 4
[DEBUG] 2022-07-14 09:41:07.382 [main] io.netty.util.ResourceLeakDetectorFactory$DefaultResourceLeakDetectorFactory - Loaded default ResourceLeakDetector: io.netty.util.ResourceLeakDetector@6b9267b
[DEBUG] 2022-07-14 09:41:07.397 [main] io.netty.util.internal.PlatformDependent0 - -Dio.netty.noUnsafe: false
[DEBUG] 2022-07-14 09:41:07.397 [main] io.netty.util.internal.PlatformDependent0 - Java version: 11
[DEBUG] 2022-07-14 09:41:07.399 [main] io.netty.util.internal.PlatformDependent0 - sun.misc.Unsafe.theUnsafe: available
[DEBUG] 2022-07-14 09:41:07.399 [main] io.netty.util.internal.PlatformDependent0 - sun.misc.Unsafe.copyMemory: available
[DEBUG] 2022-07-14 09:41:07.400 [main] io.netty.util.internal.PlatformDependent0 - java.nio.Buffer.address: available
[DEBUG] 2022-07-14 09:41:07.400 [main] io.netty.util.internal.PlatformDependent0 - direct buffer constructor: unavailable: Reflective setAccessible(true) disabled
[DEBUG] 2022-07-14 09:41:07.401 [main] io.netty.util.internal.PlatformDependent0 - java.nio.Bits.unaligned: available, true
[DEBUG] 2022-07-14 09:41:07.402 [main] io.netty.util.internal.PlatformDependent0 - jdk.internal.misc.Unsafe.allocateUninitializedArray(int): unavailable: class io.netty.util.internal.PlatformDependent0$6 cannot access class jdk.internal.misc.Unsafe (in module java.base) because module java.base does not export jdk.internal.misc to unnamed module @329a1243
[DEBUG] 2022-07-14 09:41:07.403 [main] io.netty.util.internal.PlatformDependent0 - java.nio.DirectByteBuffer.<init>(long, int): unavailable
[DEBUG] 2022-07-14 09:41:07.403 [main] io.netty.util.internal.PlatformDependent - sun.misc.Unsafe: available
[DEBUG] 2022-07-14 09:41:07.404 [main] io.netty.util.internal.PlatformDependent - maxDirectMemory: 4167041024 bytes (maybe)
[DEBUG] 2022-07-14 09:41:07.404 [main] io.netty.util.internal.PlatformDependent - -Dio.netty.tmpdir: /tmp (java.io.tmpdir)
[DEBUG] 2022-07-14 09:41:07.405 [main] io.netty.util.internal.PlatformDependent - -Dio.netty.bitMode: 64 (sun.arch.data.model)
[DEBUG] 2022-07-14 09:41:07.406 [main] io.netty.util.internal.PlatformDependent - -Dio.netty.maxDirectMemory: -1 bytes
[DEBUG] 2022-07-14 09:41:07.406 [main] io.netty.util.internal.PlatformDependent - -Dio.netty.uninitializedArrayAllocationThreshold: -1
[DEBUG] 2022-07-14 09:41:07.408 [main] io.netty.util.internal.CleanerJava9 - java.nio.ByteBuffer.cleaner(): available
[DEBUG] 2022-07-14 09:41:07.408 [main] io.netty.util.internal.PlatformDependent - -Dio.netty.noPreferDirect: false
[DEBUG] 2022-07-14 09:41:07.416 [main] io.netty.util.internal.PlatformDependent$Mpsc - org.jctools-core.MpscChunkedArrayQueue: available
[DEBUG] 2022-07-14 09:41:07.431 [main] io.netty.util.internal.InternalThreadLocalMap - -Dio.netty.threadLocalMap.stringBuilder.initialSize: 1024
[DEBUG] 2022-07-14 09:41:07.431 [main] io.netty.util.internal.InternalThreadLocalMap - -Dio.netty.threadLocalMap.stringBuilder.maxSize: 4096
[DEBUG] 2022-07-14 09:41:07.573 [main] io.netty.handler.ssl.JdkSslContext - Default protocols (JDK): [TLSv1.3, TLSv1.2] 
[DEBUG] 2022-07-14 09:41:07.574 [main] io.netty.handler.ssl.JdkSslContext - Default cipher suites (JDK): [TLS_ECDHE_ECDSA_WITH_AES_256_GCM_SHA384, TLS_ECDHE_ECDSA_WITH_AES_128_GCM_SHA256, TLS_ECDHE_RSA_WITH_AES_128_GCM_SHA256, TLS_ECDHE_RSA_WITH_AES_256_GCM_SHA384, TLS_ECDHE_RSA_WITH_AES_128_CBC_SHA, TLS_ECDHE_RSA_WITH_AES_256_CBC_SHA, TLS_RSA_WITH_AES_128_GCM_SHA256, TLS_RSA_WITH_AES_128_CBC_SHA, TLS_RSA_WITH_AES_256_CBC_SHA, TLS_AES_128_GCM_SHA256, TLS_AES_256_GCM_SHA384]
[DEBUG] 2022-07-14 09:41:07.601 [main] io.netty.channel.MultithreadEventLoopGroup - -Dio.netty.eventLoopThreads: 16
[DEBUG] 2022-07-14 09:41:07.609 [main] io.netty.channel.nio.NioEventLoop - -Dio.netty.noKeySetOptimization: false
[DEBUG] 2022-07-14 09:41:07.609 [main] io.netty.channel.nio.NioEventLoop - -Dio.netty.selectorAutoRebuildThreshold: 512
[DEBUG] 2022-07-14 09:41:07.654 [main] io.netty.buffer.PooledByteBufAllocator - -Dio.netty.allocator.numHeapArenas: 16
[DEBUG] 2022-07-14 09:41:07.654 [main] io.netty.buffer.PooledByteBufAllocator - -Dio.netty.allocator.numDirectArenas: 16
[DEBUG] 2022-07-14 09:41:07.654 [main] io.netty.buffer.PooledByteBufAllocator - -Dio.netty.allocator.pageSize: 8192
[DEBUG] 2022-07-14 09:41:07.654 [main] io.netty.buffer.PooledByteBufAllocator - -Dio.netty.allocator.maxOrder: 11
[DEBUG] 2022-07-14 09:41:07.654 [main] io.netty.buffer.PooledByteBufAllocator - -Dio.netty.allocator.chunkSize: 16777216
[DEBUG] 2022-07-14 09:41:07.654 [main] io.netty.buffer.PooledByteBufAllocator - -Dio.netty.allocator.smallCacheSize: 256
[DEBUG] 2022-07-14 09:41:07.655 [main] io.netty.buffer.PooledByteBufAllocator - -Dio.netty.allocator.normalCacheSize: 64
[DEBUG] 2022-07-14 09:41:07.655 [main] io.netty.buffer.PooledByteBufAllocator - -Dio.netty.allocator.maxCachedBufferCapacity: 32768
[DEBUG] 2022-07-14 09:41:07.655 [main] io.netty.buffer.PooledByteBufAllocator - -Dio.netty.allocator.cacheTrimInterval: 8192
[DEBUG] 2022-07-14 09:41:07.655 [main] io.netty.buffer.PooledByteBufAllocator - -Dio.netty.allocator.cacheTrimIntervalMillis: 0
[DEBUG] 2022-07-14 09:41:07.656 [main] io.netty.buffer.PooledByteBufAllocator - -Dio.netty.allocator.useCacheForAllThreads: true
[DEBUG] 2022-07-14 09:41:07.656 [main] io.netty.buffer.PooledByteBufAllocator - -Dio.netty.allocator.maxCachedByteBuffersPerChunk: 1023
[DEBUG] 2022-07-14 09:41:07.665 [main] io.netty.buffer.ByteBufUtil - -Dio.netty.allocator.type: pooled
[DEBUG] 2022-07-14 09:41:07.665 [main] io.netty.buffer.ByteBufUtil - -Dio.netty.threadLocalDirectBufferSize: 0
[DEBUG] 2022-07-14 09:41:07.665 [main] io.netty.buffer.ByteBufUtil - -Dio.netty.maxThreadLocalCharBufferSize: 16384
[DEBUG] 2022-07-14 09:41:07.878 [Forwarding newSession on session null to remote] io.netty.channel.DefaultChannelId - -Dio.netty.processId: 1941404 (auto-detected)
[DEBUG] 2022-07-14 09:41:07.880 [Forwarding newSession on session null to remote] io.netty.util.NetUtil - -Djava.net.preferIPv4Stack: false
[DEBUG] 2022-07-14 09:41:07.880 [Forwarding newSession on session null to remote] io.netty.util.NetUtil - -Djava.net.preferIPv6Addresses: false
[DEBUG] 2022-07-14 09:41:07.882 [Forwarding newSession on session null to remote] io.netty.util.NetUtilInitializations - Loopback interface: lo (lo, 0:0:0:0:0:0:0:1%lo)
[DEBUG] 2022-07-14 09:41:07.883 [Forwarding newSession on session null to remote] io.netty.util.NetUtil$1 - /proc/sys/net/core/somaxconn: 4096
[DEBUG] 2022-07-14 09:41:07.885 [Forwarding newSession on session null to remote] io.netty.channel.DefaultChannelId - -Dio.netty.machineId: e4:a4:71:ff:fe:d9:fd:d7 (auto-detected)
[DEBUG] 2022-07-14 09:41:07.940 [AsyncHttpClient-1-2] io.netty.buffer.AbstractByteBuf - -Dio.netty.buffer.checkAccessible: true
[DEBUG] 2022-07-14 09:41:07.941 [AsyncHttpClient-1-2] io.netty.buffer.AbstractByteBuf - -Dio.netty.buffer.checkBounds: true
[DEBUG] 2022-07-14 09:41:07.941 [AsyncHttpClient-1-2] io.netty.util.ResourceLeakDetectorFactory$DefaultResourceLeakDetectorFactory - Loaded default ResourceLeakDetector: io.netty.util.ResourceLeakDetector@ea790be
[DEBUG] 2022-07-14 09:41:07.963 [AsyncHttpClient-1-2] io.netty.util.Recycler - -Dio.netty.recycler.maxCapacityPerThread: 4096
[DEBUG] 2022-07-14 09:41:07.963 [AsyncHttpClient-1-2] io.netty.util.Recycler - -Dio.netty.recycler.maxSharedCapacityFactor: 2
[DEBUG] 2022-07-14 09:41:07.963 [AsyncHttpClient-1-2] io.netty.util.Recycler - -Dio.netty.recycler.linkCapacity: 16
[DEBUG] 2022-07-14 09:41:07.963 [AsyncHttpClient-1-2] io.netty.util.Recycler - -Dio.netty.recycler.ratio: 8
[DEBUG] 2022-07-14 09:41:07.964 [AsyncHttpClient-1-2] io.netty.util.Recycler - -Dio.netty.recycler.delayedQueue.ratio: 8
[DEBUG] 2022-07-14 09:41:10.868 [AsyncHttpClient-1-2] io.netty.handler.codec.compression.Brotli - brotli4j not in the classpath; Brotli support will be unavailable.
[DEBUG] 2022-07-14 09:41:10.986 [main] io.netty.util.internal.ThreadLocalRandom - -Dio.netty.initialSeedUniquifier: 0x51453c8b2f76704a
[INFO ] 2022-07-14 09:41:11.784 [main] page.objects.LoginPage - Typed into User Name Field NotExistingLogin
[INFO ] 2022-07-14 09:41:11.886 [main] page.objects.LoginPage - Typed into Password Field NotProperPassword
[INFO ] 2022-07-14 09:41:12.072 [main] page.objects.LoginPage - Clicked on Login Button
[INFO ] 2022-07-14 09:41:12.148 [main] page.objects.LoginPage - Returned warning message was: Invalid username or password. Signon failed.
]]></system-out>
    <system-err><![CDATA[SLF4J: Failed to load class "org.slf4j.impl.StaticLoggerBinder".
SLF4J: Defaulting to no-operation (NOP) logger implementation
SLF4J: See http://www.slf4j.org/codes.html#StaticLoggerBinder for further details.
Starting ChromeDriver 101.0.4951.41 (93c720db8323b3ec10d056025ab95c23a31997c9-refs/branch-heads/4951@{#904}) on port 47691
Only local connections are allowed.
Please see https://chromedriver.chromium.org/security-considerations for suggestions on keeping ChromeDriver safe.
ChromeDriver was started successfully.
[1657784468.333][WARNING]: This version of ChromeDriver has not been tested with Chrome version 102.
Jul 14, 2022 9:41:10 AM org.openqa.selenium.remote.ProtocolHandshake createSession
INFO: Detected dialect: W3C
Jul 14, 2022 9:41:11 AM org.openqa.selenium.devtools.CdpVersionFinder findNearestMatch
WARNING: Unable to find an exact match for CDP version 102, so returning the closest version found: a no-op implementation
Jul 14, 2022 9:41:11 AM org.openqa.selenium.devtools.CdpVersionFinder findNearestMatch
INFO: Unable to find CDP implementation matching 102.
Jul 14, 2022 9:41:11 AM org.openqa.selenium.chromium.ChromiumDriver lambda$new$3
WARNING: Unable to find version of CDP to use for . You may need to include a dependency on a specific version of the CDP using something similar to `org.seleniumhq.selenium:selenium-devtools-v86:4.0.0` where the version ("v86") matches the version of the chromium-based browser you're using and the version number of the artifact is the same as Selenium's.
]]></system-err>
  </testcase>
  <testcase name="asUserLoginUsingValidLoginAndPassword" classname="tests.PositiveLoginTests" time="0.777">
    <system-out><![CDATA[[INFO ] 2022-07-14 09:41:12.261 [main] configuration.PropertiesLoader - Trying to load properties with file name: configuration.properties
[INFO ] 2022-07-14 09:41:12.262 [main] configuration.PropertiesLoader - Successfully loaded properties for file: configuration.properties
[INFO ] 2022-07-14 09:41:13.422 [main] page.objects.LoginPage - Typed into User Name Field j2ee
[INFO ] 2022-07-14 09:41:13.536 [main] page.objects.LoginPage - Typed into Password Field j2ee
[INFO ] 2022-07-14 09:41:13.789 [main] page.objects.LoginPage - Clicked on Login Button
[INFO ] 2022-07-14 09:41:13.939 [main] page.objects.FooterPage - Returning status of banner after login: true
]]></system-out>
    <system-err><![CDATA[Starting ChromeDriver 101.0.4951.41 (93c720db8323b3ec10d056025ab95c23a31997c9-refs/branch-heads/4951@{#904}) on port 33675
Only local connections are allowed.
Please see https://chromedriver.chromium.org/security-considerations for suggestions on keeping ChromeDriver safe.
ChromeDriver was started successfully.
[1657784472.705][WARNING]: This version of ChromeDriver has not been tested with Chrome version 102.
Jul 14, 2022 9:41:12 AM org.openqa.selenium.remote.ProtocolHandshake createSession
INFO: Detected dialect: W3C
Jul 14, 2022 9:41:12 AM org.openqa.selenium.devtools.CdpVersionFinder findNearestMatch
WARNING: Unable to find an exact match for CDP version 102, so returning the closest version found: a no-op implementation
Jul 14, 2022 9:41:12 AM org.openqa.selenium.devtools.CdpVersionFinder findNearestMatch
INFO: Unable to find CDP implementation matching 102.
Jul 14, 2022 9:41:12 AM org.openqa.selenium.chromium.ChromiumDriver lambda$new$3
WARNING: Unable to find version of CDP to use for . You may need to include a dependency on a specific version of the CDP using something similar to `org.seleniumhq.selenium:selenium-devtools-v86:4.0.0` where the version ("v86") matches the version of the chromium-based browser you're using and the version number of the artifact is the same as Selenium's.
]]></system-err>
  </testcase>
</testsuite>