<?xml version="1.0" encoding="UTF-8"?>
<testng-results ignored="0" total="2" passed="2" failed="0" skipped="0">
  <reporter-output>
  </reporter-output>
  <suite started-at="2022-07-14T09:41:06 CEST" name="All Pet Store Tests" finished-at="2022-07-14T09:41:14 CEST" duration-ms="7241">
    <groups>
    </groups>
    <test started-at="2022-07-14T09:41:06 CEST" name="Negative Login Tests" finished-at="2022-07-14T09:41:12 CEST" duration-ms="5455">
      <class name="tests.FailedLoginTests">
        <test-method is-config="true" signature="beforeClass()[pri:0, instance:tests.FailedLoginTests@c03cf28]" started-at="2022-07-14T09:41:06 CEST" name="beforeClass" finished-at="2022-07-14T09:41:07 CEST" duration-ms="482" status="PASS">
          <reporter-output>
          </reporter-output>
        </test-method> <!-- beforeClass -->
        <test-method is-config="true" signature="beforeTest()[pri:0, instance:tests.FailedLoginTests@c03cf28]" started-at="2022-07-14T09:41:07 CEST" name="beforeTest" finished-at="2022-07-14T09:41:11 CEST" duration-ms="4125" status="PASS">
          <reporter-output>
          </reporter-output>
        </test-method> <!-- beforeTest -->
        <test-method signature="asUserTryToLogInWithIncorrectLoginAndPassword()[pri:0, instance:tests.FailedLoginTests@c03cf28]" started-at="2022-07-14T09:41:11 CEST" name="asUserTryToLogInWithIncorrectLoginAndPassword" finished-at="2022-07-14T09:41:12 CEST" duration-ms="729" status="PASS">
          <reporter-output>
          </reporter-output>
        </test-method> <!-- asUserTryToLogInWithIncorrectLoginAndPassword -->
        <test-method is-config="true" signature="afterTest()[pri:0, instance:tests.FailedLoginTests@c03cf28]" started-at="2022-07-14T09:41:12 CEST" name="afterTest" finished-at="2022-07-14T09:41:12 CEST" duration-ms="88" status="PASS">
          <reporter-output>
          </reporter-output>
        </test-method> <!-- afterTest -->
      </class> <!-- tests.FailedLoginTests -->
    </test> <!-- Negative Login Tests -->
    <test started-at="2022-07-14T09:41:12 CEST" name="Positive Login Tests" finished-at="2022-07-14T09:41:14 CEST" duration-ms="1767">
      <class name="tests.PositiveLoginTests">
        <test-method is-config="true" signature="beforeClass()[pri:0, instance:tests.PositiveLoginTests@770d3326]" started-at="2022-07-14T09:41:12 CEST" name="beforeClass" finished-at="2022-07-14T09:41:12 CEST" duration-ms="1" status="PASS">
          <reporter-output>
          </reporter-output>
        </test-method> <!-- beforeClass -->
        <test-method is-config="true" signature="beforeTest()[pri:0, instance:tests.PositiveLoginTests@770d3326]" started-at="2022-07-14T09:41:12 CEST" name="beforeTest" finished-at="2022-07-14T09:41:13 CEST" duration-ms="892" status="PASS">
          <reporter-output>
          </reporter-output>
        </test-method> <!-- beforeTest -->
        <test-method signature="asUserLoginUsingValidLoginAndPassword()[pri:0, instance:tests.PositiveLoginTests@770d3326]" started-at="2022-07-14T09:41:13 CEST" name="asUserLoginUsingValidLoginAndPassword" finished-at="2022-07-14T09:41:13 CEST" duration-ms="786" status="PASS">
          <reporter-output>
          </reporter-output>
        </test-method> <!-- asUserLoginUsingValidLoginAndPassword -->
        <test-method is-config="true" signature="afterTest()[pri:0, instance:tests.PositiveLoginTests@770d3326]" started-at="2022-07-14T09:41:13 CEST" name="afterTest" finished-at="2022-07-14T09:41:14 CEST" duration-ms="83" status="PASS">
          <reporter-output>
          </reporter-output>
        </test-method> <!-- afterTest -->
      </class> <!-- tests.PositiveLoginTests -->
    </test> <!-- Positive Login Tests -->
  </suite> <!-- All Pet Store Tests -->
</testng-results>
